[1.854s] DEBUG:colcon:Command line arguments: ['/usr/bin/colcon', 'build']
[1.854s] DEBUG:colcon:Parsed command line arguments: Namespace(allow_overriding=[], ament_cmake_args=None, base_paths=['.'], build_base='build', catkin_cmake_args=None, catkin_skip_building_tests=False, cmake_args=None, cmake_clean_cache=False, cmake_clean_first=False, cmake_force_configure=False, cmake_target=None, cmake_target_skip_unavailable=False, continue_on_error=False, event_handlers=None, executor='parallel', ignore_user_meta=False, install_base='install', log_base=None, log_level=None, main=<bound method BuildVerb.main of <colcon_core.verb.build.BuildVerb object at 0x7f6b30c4e3d0>>, merge_install=False, metas=['./colcon.meta'], packages_above=None, packages_above_and_dependencies=None, packages_above_depth=None, packages_end=None, packages_ignore=None, packages_ignore_regex=None, packages_select=None, packages_select_build_failed=False, packages_select_by_dep=None, packages_select_regex=None, packages_select_test_failures=False, packages_skip=None, packages_skip_build_finished=False, packages_skip_by_dep=None, packages_skip_regex=None, packages_skip_test_passed=False, packages_skip_up_to=None, packages_start=None, packages_up_to=None, packages_up_to_regex=None, parallel_workers=1, paths=None, symlink_install=False, test_result_base=None, verb_extension=<colcon_core.verb.build.BuildVerb object at 0x7f6b30c4e3d0>, verb_name='build', verb_parser=<colcon_defaults.argument_parser.defaults.DefaultArgumentsDecorator object at 0x7f6b30c4e910>)
[2.022s] Level 1:colcon.colcon_core.package_discovery:discover_packages(colcon_meta) check parameters
[2.022s] Level 1:colcon.colcon_core.package_discovery:discover_packages(recursive) check parameters
[2.022s] Level 1:colcon.colcon_core.package_discovery:discover_packages(ignore) check parameters
[2.022s] Level 1:colcon.colcon_core.package_discovery:discover_packages(path) check parameters
[2.023s] Level 1:colcon.colcon_core.package_discovery:discover_packages(colcon_meta) discover
[2.023s] Level 1:colcon.colcon_core.package_discovery:discover_packages(recursive) discover
[2.023s] INFO:colcon.colcon_core.package_discovery:Crawling recursively for packages in '/home/yangjunseok/hand_tracking_pkg'
[2.023s] Level 1:colcon.colcon_core.package_identification:_identify(.) by extensions ['ignore', 'ignore_ament_install']
[2.023s] Level 1:colcon.colcon_core.package_identification:_identify(.) by extension 'ignore'
[2.023s] Level 1:colcon.colcon_core.package_identification:_identify(.) by extension 'ignore_ament_install'
[2.023s] Level 1:colcon.colcon_core.package_identification:_identify(.) by extensions ['colcon_pkg']
[2.023s] Level 1:colcon.colcon_core.package_identification:_identify(.) by extension 'colcon_pkg'
[2.023s] Level 1:colcon.colcon_core.package_identification:_identify(.) by extensions ['colcon_meta']
[2.024s] Level 1:colcon.colcon_core.package_identification:_identify(.) by extension 'colcon_meta'
[2.024s] Level 1:colcon.colcon_core.package_identification:_identify(.) by extensions ['ros']
[2.024s] Level 1:colcon.colcon_core.package_identification:_identify(.) by extension 'ros'
[2.115s] DEBUG:colcon.colcon_core.package_identification:Failed to parse potential ROS package manifest in'.': Error(s) in package './package.xml':
The manifest contains invalid XML:
XML or text declaration not at start of entity: line 2, column 0
[2.115s] Level 1:colcon.colcon_core.package_identification:_identify(.) by extensions ['cmake', 'python']
[2.115s] Level 1:colcon.colcon_core.package_identification:_identify(.) by extension 'cmake'
[2.115s] Level 1:colcon.colcon_core.package_identification:_identify(.) by extension 'python'
[2.115s] DEBUG:colcon.colcon_core.package_identification:Python package in '.' passes arguments to the setup() function which requires a different identification extension than 'python'
[2.115s] Level 1:colcon.colcon_core.package_identification:_identify(.) by extensions ['python_setup_py']
[2.116s] Level 1:colcon.colcon_core.package_identification:_identify(.) by extension 'python_setup_py'
[3.317s] DEBUG:colcon.colcon_core.package_identification:Package '.' with type 'python' and name 'hand_tracking_pkg'
[3.317s] Level 1:colcon.colcon_core.package_discovery:discover_packages(recursive) using defaults
[3.317s] Level 1:colcon.colcon_core.package_discovery:discover_packages(ignore) discover
[3.317s] Level 1:colcon.colcon_core.package_discovery:discover_packages(ignore) using defaults
[3.317s] Level 1:colcon.colcon_core.package_discovery:discover_packages(path) discover
[3.317s] Level 1:colcon.colcon_core.package_discovery:discover_packages(path) using defaults
[3.464s] Level 1:colcon.colcon_core.package_discovery:discover_packages(prefix_path) check parameters
[3.464s] Level 1:colcon.colcon_core.package_discovery:discover_packages(prefix_path) discover
[3.492s] DEBUG:colcon.colcon_installed_package_information.package_discovery:Found 13 installed packages in /home/yangjunseok/gcamp_ros2_ws/install
[3.507s] DEBUG:colcon.colcon_installed_package_information.package_discovery:Found 380 installed packages in /opt/ros/foxy
[3.521s] Level 1:colcon.colcon_core.package_discovery:discover_packages(prefix_path) using defaults
[4.134s] Level 5:colcon.colcon_core.verb:set package 'hand_tracking_pkg' build argument 'cmake_args' from command line to 'None'
[4.137s] Level 5:colcon.colcon_core.verb:set package 'hand_tracking_pkg' build argument 'cmake_target' from command line to 'None'
[4.137s] Level 5:colcon.colcon_core.verb:set package 'hand_tracking_pkg' build argument 'cmake_target_skip_unavailable' from command line to 'False'
[4.137s] Level 5:colcon.colcon_core.verb:set package 'hand_tracking_pkg' build argument 'cmake_clean_cache' from command line to 'False'
[4.137s] Level 5:colcon.colcon_core.verb:set package 'hand_tracking_pkg' build argument 'cmake_clean_first' from command line to 'False'
[4.137s] Level 5:colcon.colcon_core.verb:set package 'hand_tracking_pkg' build argument 'cmake_force_configure' from command line to 'False'
[4.137s] Level 5:colcon.colcon_core.verb:set package 'hand_tracking_pkg' build argument 'ament_cmake_args' from command line to 'None'
[4.137s] Level 5:colcon.colcon_core.verb:set package 'hand_tracking_pkg' build argument 'catkin_cmake_args' from command line to 'None'
[4.137s] Level 5:colcon.colcon_core.verb:set package 'hand_tracking_pkg' build argument 'catkin_skip_building_tests' from command line to 'False'
[4.137s] DEBUG:colcon.colcon_core.verb:Building package 'hand_tracking_pkg' with the following arguments: {'ament_cmake_args': None, 'build_base': '/home/yangjunseok/hand_tracking_pkg/build/hand_tracking_pkg', 'catkin_cmake_args': None, 'catkin_skip_building_tests': False, 'cmake_args': None, 'cmake_clean_cache': False, 'cmake_clean_first': False, 'cmake_force_configure': False, 'cmake_target': None, 'cmake_target_skip_unavailable': False, 'install_base': '/home/yangjunseok/hand_tracking_pkg/install/hand_tracking_pkg', 'merge_install': False, 'path': '/home/yangjunseok/hand_tracking_pkg', 'symlink_install': False, 'test_result_base': None}
[4.139s] INFO:colcon.colcon_core.executor:Executing jobs using 'parallel' executor
[4.157s] DEBUG:colcon.colcon_parallel_executor.executor.parallel:run_until_complete
[4.157s] INFO:colcon.colcon_core.task.python.build:Building Python package in '/home/yangjunseok/hand_tracking_pkg'
[4.223s] INFO:colcon.colcon_core.plugin_system:Skipping extension 'colcon_core.shell.bat': Not used on non-Windows systems
[4.224s] INFO:colcon.colcon_core.shell:Skip shell extension 'powershell' for command environment: Not usable outside of PowerShell
[4.224s] DEBUG:colcon.colcon_core.shell:Skip shell extension 'dsv' for command environment
[7.877s] DEBUG:colcon.colcon_core.event_handler.log_command:Invoking command in '/home/yangjunseok/hand_tracking_pkg': PYTHONPATH=/home/yangjunseok/hand_tracking_pkg/build/hand_tracking_pkg/prefix_override:/home/yangjunseok/hand_tracking_pkg/install/hand_tracking_pkg/lib/python3.8/site-packages:${PYTHONPATH} /usr/bin/python3 setup.py egg_info --egg-base build/hand_tracking_pkg build --build-base /home/yangjunseok/hand_tracking_pkg/build/hand_tracking_pkg/build install --record /home/yangjunseok/hand_tracking_pkg/build/hand_tracking_pkg/install.log --install-scripts $base/lib/hand_tracking_pkg --single-version-externally-managed
[9.674s] DEBUG:colcon.colcon_core.event_handler.log_command:Invoked command in '/home/yangjunseok/hand_tracking_pkg' returned '0': PYTHONPATH=/home/yangjunseok/hand_tracking_pkg/build/hand_tracking_pkg/prefix_override:/home/yangjunseok/hand_tracking_pkg/install/hand_tracking_pkg/lib/python3.8/site-packages:${PYTHONPATH} /usr/bin/python3 setup.py egg_info --egg-base build/hand_tracking_pkg build --build-base /home/yangjunseok/hand_tracking_pkg/build/hand_tracking_pkg/build install --record /home/yangjunseok/hand_tracking_pkg/build/hand_tracking_pkg/install.log --install-scripts $base/lib/hand_tracking_pkg --single-version-externally-managed
[9.714s] Level 1:colcon.colcon_core.environment:checking '/home/yangjunseok/hand_tracking_pkg/install/hand_tracking_pkg' for CMake module files
[9.715s] Level 1:colcon.colcon_core.environment:checking '/home/yangjunseok/hand_tracking_pkg/install/hand_tracking_pkg' for CMake config files
[9.737s] Level 1:colcon.colcon_core.environment:checking '/home/yangjunseok/hand_tracking_pkg/install/hand_tracking_pkg/lib'
[9.738s] Level 1:colcon.colcon_core.environment:checking '/home/yangjunseok/hand_tracking_pkg/install/hand_tracking_pkg/bin'
[9.738s] Level 1:colcon.colcon_core.environment:checking '/home/yangjunseok/hand_tracking_pkg/install/hand_tracking_pkg/lib/pkgconfig/hand_tracking_pkg.pc'
[9.739s] Level 1:colcon.colcon_core.environment:checking '/home/yangjunseok/hand_tracking_pkg/install/hand_tracking_pkg/lib/python3.8/site-packages'
[9.739s] Level 1:colcon.colcon_core.shell:create_environment_hook('hand_tracking_pkg', 'pythonpath')
[9.751s] INFO:colcon.colcon_core.shell:Creating environment hook '/home/yangjunseok/hand_tracking_pkg/install/hand_tracking_pkg/share/hand_tracking_pkg/hook/pythonpath.ps1'
[9.758s] INFO:colcon.colcon_core.shell:Creating environment descriptor '/home/yangjunseok/hand_tracking_pkg/install/hand_tracking_pkg/share/hand_tracking_pkg/hook/pythonpath.dsv'
[9.760s] INFO:colcon.colcon_core.shell:Creating environment hook '/home/yangjunseok/hand_tracking_pkg/install/hand_tracking_pkg/share/hand_tracking_pkg/hook/pythonpath.sh'
[9.764s] Level 1:colcon.colcon_core.environment:checking '/home/yangjunseok/hand_tracking_pkg/install/hand_tracking_pkg/bin'
[9.765s] Level 1:colcon.colcon_core.environment:create_environment_scripts_only(hand_tracking_pkg)
[9.775s] INFO:colcon.colcon_core.shell:Creating package script '/home/yangjunseok/hand_tracking_pkg/install/hand_tracking_pkg/share/hand_tracking_pkg/package.ps1'
[9.781s] INFO:colcon.colcon_core.shell:Creating package descriptor '/home/yangjunseok/hand_tracking_pkg/install/hand_tracking_pkg/share/hand_tracking_pkg/package.dsv'
[9.786s] INFO:colcon.colcon_core.shell:Creating package script '/home/yangjunseok/hand_tracking_pkg/install/hand_tracking_pkg/share/hand_tracking_pkg/package.sh'
[9.789s] INFO:colcon.colcon_core.shell:Creating package script '/home/yangjunseok/hand_tracking_pkg/install/hand_tracking_pkg/share/hand_tracking_pkg/package.bash'
[9.798s] INFO:colcon.colcon_core.shell:Creating package script '/home/yangjunseok/hand_tracking_pkg/install/hand_tracking_pkg/share/hand_tracking_pkg/package.zsh'
[9.801s] Level 1:colcon.colcon_core.environment:create_file_with_runtime_dependencies(/home/yangjunseok/hand_tracking_pkg/install/hand_tracking_pkg/share/colcon-core/packages/hand_tracking_pkg)
[9.804s] DEBUG:colcon.colcon_parallel_executor.executor.parallel:closing loop
[9.809s] DEBUG:colcon.colcon_parallel_executor.executor.parallel:loop closed
[9.810s] DEBUG:colcon.colcon_parallel_executor.executor.parallel:run_until_complete finished with '0'
[9.812s] DEBUG:colcon.colcon_core.event_reactor:joining thread
[9.867s] INFO:colcon.colcon_core.plugin_system:Skipping extension 'colcon_notification.desktop_notification.terminal_notifier': Not used on non-Darwin systems
[9.868s] INFO:colcon.colcon_core.plugin_system:Skipping extension 'colcon_notification.desktop_notification.win32': Not used on non-Windows systems
[9.868s] INFO:colcon.colcon_notification.desktop_notification:Sending desktop notification using 'notify2'
[10.056s] DEBUG:colcon.colcon_core.event_reactor:joined thread
[10.069s] INFO:colcon.colcon_core.shell:Creating prefix script '/home/yangjunseok/hand_tracking_pkg/install/local_setup.ps1'
[10.077s] INFO:colcon.colcon_core.shell:Creating prefix util module '/home/yangjunseok/hand_tracking_pkg/install/_local_setup_util_ps1.py'
[10.097s] INFO:colcon.colcon_core.shell:Creating prefix chain script '/home/yangjunseok/hand_tracking_pkg/install/setup.ps1'
[10.105s] INFO:colcon.colcon_core.shell:Creating prefix script '/home/yangjunseok/hand_tracking_pkg/install/local_setup.sh'
[10.110s] INFO:colcon.colcon_core.shell:Creating prefix util module '/home/yangjunseok/hand_tracking_pkg/install/_local_setup_util_sh.py'
[10.113s] INFO:colcon.colcon_core.shell:Creating prefix chain script '/home/yangjunseok/hand_tracking_pkg/install/setup.sh'
[10.130s] INFO:colcon.colcon_core.shell:Creating prefix script '/home/yangjunseok/hand_tracking_pkg/install/local_setup.bash'
[10.134s] INFO:colcon.colcon_core.shell:Creating prefix chain script '/home/yangjunseok/hand_tracking_pkg/install/setup.bash'
[10.147s] INFO:colcon.colcon_core.shell:Creating prefix script '/home/yangjunseok/hand_tracking_pkg/install/local_setup.zsh'
[10.169s] INFO:colcon.colcon_core.shell:Creating prefix chain script '/home/yangjunseok/hand_tracking_pkg/install/setup.zsh'
