[1.984s] Invoking command in '/home/yangjunseok/hand_tracking_pkg': PYTHONPATH=/home/yangjunseok/hand_tracking_pkg/build/hand_tracking_pkg/prefix_override:/home/yangjunseok/hand_tracking_pkg/install/hand_tracking_pkg/lib/python3.8/site-packages:${PYTHONPATH} /usr/bin/python3 setup.py egg_info --egg-base build/hand_tracking_pkg build --build-base /home/yangjunseok/hand_tracking_pkg/build/hand_tracking_pkg/build install --record /home/yangjunseok/hand_tracking_pkg/build/hand_tracking_pkg/install.log --install-scripts $base/lib/hand_tracking_pkg --single-version-externally-managed
[2.666s] running egg_info
[2.668s] writing build/hand_tracking_pkg/hand_tracking_pkg.egg-info/PKG-INFO
[2.669s] writing dependency_links to build/hand_tracking_pkg/hand_tracking_pkg.egg-info/dependency_links.txt
[2.670s] writing entry points to build/hand_tracking_pkg/hand_tracking_pkg.egg-info/entry_points.txt
[2.670s] writing requirements to build/hand_tracking_pkg/hand_tracking_pkg.egg-info/requires.txt
[2.671s] writing top-level names to build/hand_tracking_pkg/hand_tracking_pkg.egg-info/top_level.txt
[2.792s] reading manifest file 'build/hand_tracking_pkg/hand_tracking_pkg.egg-info/SOURCES.txt'
[2.794s] writing manifest file 'build/hand_tracking_pkg/hand_tracking_pkg.egg-info/SOURCES.txt'
[2.795s] running build
[2.796s] running build_py
[2.797s] copying hand_tracking_pkg/hand_tracking_node.py -> /home/yangjunseok/hand_tracking_pkg/build/hand_tracking_pkg/build/lib/hand_tracking_pkg
[2.798s] running install
[2.801s] running install_lib
[2.803s] copying /home/yangjunseok/hand_tracking_pkg/build/hand_tracking_pkg/build/lib/hand_tracking_pkg/hand_tracking_node.py -> /home/yangjunseok/hand_tracking_pkg/install/hand_tracking_pkg/lib/python3.8/site-packages/hand_tracking_pkg
[2.804s] byte-compiling /home/yangjunseok/hand_tracking_pkg/install/hand_tracking_pkg/lib/python3.8/site-packages/hand_tracking_pkg/hand_tracking_node.py to hand_tracking_node.cpython-38.pyc
[2.808s] running install_data
[2.810s] running install_egg_info
[2.813s] removing '/home/yangjunseok/hand_tracking_pkg/install/hand_tracking_pkg/lib/python3.8/site-packages/hand_tracking_pkg-0.0.0-py3.8.egg-info' (and everything under it)
[2.814s] Copying build/hand_tracking_pkg/hand_tracking_pkg.egg-info to /home/yangjunseok/hand_tracking_pkg/install/hand_tracking_pkg/lib/python3.8/site-packages/hand_tracking_pkg-0.0.0-py3.8.egg-info
[2.817s] running install_scripts
[2.858s] Installing hand_tracking_node script to /home/yangjunseok/hand_tracking_pkg/install/hand_tracking_pkg/lib/hand_tracking_pkg
[2.859s] Installing img_publisher script to /home/yangjunseok/hand_tracking_pkg/install/hand_tracking_pkg/lib/hand_tracking_pkg
[2.860s] Installing img_subscriber script to /home/yangjunseok/hand_tracking_pkg/install/hand_tracking_pkg/lib/hand_tracking_pkg
[2.861s] writing list of installed files to '/home/yangjunseok/hand_tracking_pkg/build/hand_tracking_pkg/install.log'
[2.912s] Invoked command in '/home/yangjunseok/hand_tracking_pkg' returned '0': PYTHONPATH=/home/yangjunseok/hand_tracking_pkg/build/hand_tracking_pkg/prefix_override:/home/yangjunseok/hand_tracking_pkg/install/hand_tracking_pkg/lib/python3.8/site-packages:${PYTHONPATH} /usr/bin/python3 setup.py egg_info --egg-base build/hand_tracking_pkg build --build-base /home/yangjunseok/hand_tracking_pkg/build/hand_tracking_pkg/build install --record /home/yangjunseok/hand_tracking_pkg/build/hand_tracking_pkg/install.log --install-scripts $base/lib/hand_tracking_pkg --single-version-externally-managed
