[1.627s] Invoking command in '/home/yangjunseok/hand_tracking_pkg': PYTHONPATH=/home/yangjunseok/hand_tracking_pkg/build/hand_tracking_pkg/prefix_override:/home/yangjunseok/hand_tracking_pkg/install/hand_tracking_pkg/lib/python3.8/site-packages:${PYTHONPATH} /usr/bin/python3 setup.py egg_info --egg-base build/hand_tracking_pkg build --build-base /home/yangjunseok/hand_tracking_pkg/build/hand_tracking_pkg/build install --record /home/yangjunseok/hand_tracking_pkg/build/hand_tracking_pkg/install.log --install-scripts $base/lib/hand_tracking_pkg --single-version-externally-managed
[2.094s] running egg_info
[2.096s] writing build/hand_tracking_pkg/hand_tracking_pkg.egg-info/PKG-INFO
[2.108s] writing dependency_links to build/hand_tracking_pkg/hand_tracking_pkg.egg-info/dependency_links.txt
[2.109s] writing entry points to build/hand_tracking_pkg/hand_tracking_pkg.egg-info/entry_points.txt
[2.110s] writing requirements to build/hand_tracking_pkg/hand_tracking_pkg.egg-info/requires.txt
[2.111s] writing top-level names to build/hand_tracking_pkg/hand_tracking_pkg.egg-info/top_level.txt
[2.206s] reading manifest file 'build/hand_tracking_pkg/hand_tracking_pkg.egg-info/SOURCES.txt'
[2.210s] writing manifest file 'build/hand_tracking_pkg/hand_tracking_pkg.egg-info/SOURCES.txt'
[2.211s] running build
[2.211s] running build_py
[2.214s] copying hand_tracking_pkg/hand_tracking_node.py -> /home/yangjunseok/hand_tracking_pkg/build/hand_tracking_pkg/build/lib/hand_tracking_pkg
[2.215s] running install
[2.217s] running install_lib
[2.220s] copying /home/yangjunseok/hand_tracking_pkg/build/hand_tracking_pkg/build/lib/hand_tracking_pkg/hand_tracking_node.py -> /home/yangjunseok/hand_tracking_pkg/install/hand_tracking_pkg/lib/python3.8/site-packages/hand_tracking_pkg
[2.222s] byte-compiling /home/yangjunseok/hand_tracking_pkg/install/hand_tracking_pkg/lib/python3.8/site-packages/hand_tracking_pkg/hand_tracking_node.py to hand_tracking_node.cpython-38.pyc
[2.226s] running install_data
[2.227s] copying package.xml -> /home/yangjunseok/hand_tracking_pkg/install/hand_tracking_pkg/share/hand_tracking_pkg
[2.228s] running install_egg_info
[2.232s] removing '/home/yangjunseok/hand_tracking_pkg/install/hand_tracking_pkg/lib/python3.8/site-packages/hand_tracking_pkg-0.0.0-py3.8.egg-info' (and everything under it)
[2.233s] Copying build/hand_tracking_pkg/hand_tracking_pkg.egg-info to /home/yangjunseok/hand_tracking_pkg/install/hand_tracking_pkg/lib/python3.8/site-packages/hand_tracking_pkg-0.0.0-py3.8.egg-info
[2.239s] running install_scripts
[2.275s] Installing hand_tracking_node script to /home/yangjunseok/hand_tracking_pkg/install/hand_tracking_pkg/lib/hand_tracking_pkg
[2.276s] Installing img_publisher script to /home/yangjunseok/hand_tracking_pkg/install/hand_tracking_pkg/lib/hand_tracking_pkg
[2.277s] Installing img_subscriber script to /home/yangjunseok/hand_tracking_pkg/install/hand_tracking_pkg/lib/hand_tracking_pkg
[2.278s] writing list of installed files to '/home/yangjunseok/hand_tracking_pkg/build/hand_tracking_pkg/install.log'
[2.321s] Invoked command in '/home/yangjunseok/hand_tracking_pkg' returned '0': PYTHONPATH=/home/yangjunseok/hand_tracking_pkg/build/hand_tracking_pkg/prefix_override:/home/yangjunseok/hand_tracking_pkg/install/hand_tracking_pkg/lib/python3.8/site-packages:${PYTHONPATH} /usr/bin/python3 setup.py egg_info --egg-base build/hand_tracking_pkg build --build-base /home/yangjunseok/hand_tracking_pkg/build/hand_tracking_pkg/build install --record /home/yangjunseok/hand_tracking_pkg/build/hand_tracking_pkg/install.log --install-scripts $base/lib/hand_tracking_pkg --single-version-externally-managed
