[0.727s] DEBUG:colcon:Command line arguments: ['/usr/bin/colcon', 'build']
[0.727s] DEBUG:colcon:Parsed command line arguments: Namespace(allow_overriding=[], ament_cmake_args=None, base_paths=['.'], build_base='build', catkin_cmake_args=None, catkin_skip_building_tests=False, cmake_args=None, cmake_clean_cache=False, cmake_clean_first=False, cmake_force_configure=False, cmake_target=None, cmake_target_skip_unavailable=False, continue_on_error=False, event_handlers=None, executor='parallel', ignore_user_meta=False, install_base='install', log_base=None, log_level=None, main=<bound method BuildVerb.main of <colcon_core.verb.build.BuildVerb object at 0x7fc898bcfa90>>, merge_install=False, metas=['./colcon.meta'], packages_above=None, packages_above_and_dependencies=None, packages_above_depth=None, packages_end=None, packages_ignore=None, packages_ignore_regex=None, packages_select=None, packages_select_build_failed=False, packages_select_by_dep=None, packages_select_regex=None, packages_select_test_failures=False, packages_skip=None, packages_skip_build_finished=False, packages_skip_by_dep=None, packages_skip_regex=None, packages_skip_test_passed=False, packages_skip_up_to=None, packages_start=None, packages_up_to=None, packages_up_to_regex=None, parallel_workers=1, paths=None, symlink_install=False, test_result_base=None, verb_extension=<colcon_core.verb.build.BuildVerb object at 0x7fc898bcfa90>, verb_name='build', verb_parser=<colcon_defaults.argument_parser.defaults.DefaultArgumentsDecorator object at 0x7fc898bdb040>)
[0.799s] Level 1:colcon.colcon_core.package_discovery:discover_packages(colcon_meta) check parameters
[0.800s] Level 1:colcon.colcon_core.package_discovery:discover_packages(recursive) check parameters
[0.800s] Level 1:colcon.colcon_core.package_discovery:discover_packages(ignore) check parameters
[0.800s] Level 1:colcon.colcon_core.package_discovery:discover_packages(path) check parameters
[0.800s] Level 1:colcon.colcon_core.package_discovery:discover_packages(colcon_meta) discover
[0.800s] Level 1:colcon.colcon_core.package_discovery:discover_packages(recursive) discover
[0.800s] INFO:colcon.colcon_core.package_discovery:Crawling recursively for packages in '/home/yangjunseok/hand_tracking_pkg'
[0.800s] Level 1:colcon.colcon_core.package_identification:_identify(.) by extensions ['ignore', 'ignore_ament_install']
[0.800s] Level 1:colcon.colcon_core.package_identification:_identify(.) by extension 'ignore'
[0.801s] Level 1:colcon.colcon_core.package_identification:_identify(.) by extension 'ignore_ament_install'
[0.801s] Level 1:colcon.colcon_core.package_identification:_identify(.) by extensions ['colcon_pkg']
[0.801s] Level 1:colcon.colcon_core.package_identification:_identify(.) by extension 'colcon_pkg'
[0.801s] Level 1:colcon.colcon_core.package_identification:_identify(.) by extensions ['colcon_meta']
[0.801s] Level 1:colcon.colcon_core.package_identification:_identify(.) by extension 'colcon_meta'
[0.801s] Level 1:colcon.colcon_core.package_identification:_identify(.) by extensions ['ros']
[0.801s] Level 1:colcon.colcon_core.package_identification:_identify(.) by extension 'ros'
[0.844s] DEBUG:colcon.colcon_core.package_identification:Package '.' with type 'ros.ament_python' and name 'hand_tracking_pkg'
[0.844s] Level 1:colcon.colcon_core.package_discovery:discover_packages(recursive) using defaults
[0.844s] Level 1:colcon.colcon_core.package_discovery:discover_packages(ignore) discover
[0.844s] Level 1:colcon.colcon_core.package_discovery:discover_packages(ignore) using defaults
[0.845s] Level 1:colcon.colcon_core.package_discovery:discover_packages(path) discover
[0.845s] Level 1:colcon.colcon_core.package_discovery:discover_packages(path) using defaults
[0.888s] Level 1:colcon.colcon_core.package_discovery:discover_packages(prefix_path) check parameters
[0.888s] Level 1:colcon.colcon_core.package_discovery:discover_packages(prefix_path) discover
[0.896s] DEBUG:colcon.colcon_installed_package_information.package_discovery:Found 13 installed packages in /home/yangjunseok/gcamp_ros2_ws/install
[0.901s] DEBUG:colcon.colcon_installed_package_information.package_discovery:Found 343 installed packages in /opt/ros/foxy
[0.906s] Level 1:colcon.colcon_core.package_discovery:discover_packages(prefix_path) using defaults
[1.133s] Level 5:colcon.colcon_core.verb:set package 'hand_tracking_pkg' build argument 'cmake_args' from command line to 'None'
[1.133s] Level 5:colcon.colcon_core.verb:set package 'hand_tracking_pkg' build argument 'cmake_target' from command line to 'None'
[1.133s] Level 5:colcon.colcon_core.verb:set package 'hand_tracking_pkg' build argument 'cmake_target_skip_unavailable' from command line to 'False'
[1.133s] Level 5:colcon.colcon_core.verb:set package 'hand_tracking_pkg' build argument 'cmake_clean_cache' from command line to 'False'
[1.133s] Level 5:colcon.colcon_core.verb:set package 'hand_tracking_pkg' build argument 'cmake_clean_first' from command line to 'False'
[1.133s] Level 5:colcon.colcon_core.verb:set package 'hand_tracking_pkg' build argument 'cmake_force_configure' from command line to 'False'
[1.134s] Level 5:colcon.colcon_core.verb:set package 'hand_tracking_pkg' build argument 'ament_cmake_args' from command line to 'None'
[1.134s] Level 5:colcon.colcon_core.verb:set package 'hand_tracking_pkg' build argument 'catkin_cmake_args' from command line to 'None'
[1.134s] Level 5:colcon.colcon_core.verb:set package 'hand_tracking_pkg' build argument 'catkin_skip_building_tests' from command line to 'False'
[1.134s] DEBUG:colcon.colcon_core.verb:Building package 'hand_tracking_pkg' with the following arguments: {'ament_cmake_args': None, 'build_base': '/home/yangjunseok/hand_tracking_pkg/build/hand_tracking_pkg', 'catkin_cmake_args': None, 'catkin_skip_building_tests': False, 'cmake_args': None, 'cmake_clean_cache': False, 'cmake_clean_first': False, 'cmake_force_configure': False, 'cmake_target': None, 'cmake_target_skip_unavailable': False, 'install_base': '/home/yangjunseok/hand_tracking_pkg/install/hand_tracking_pkg', 'merge_install': False, 'path': '/home/yangjunseok/hand_tracking_pkg', 'symlink_install': False, 'test_result_base': None}
[1.136s] INFO:colcon.colcon_core.executor:Executing jobs using 'parallel' executor
[1.152s] DEBUG:colcon.colcon_parallel_executor.executor.parallel:run_until_complete
[1.152s] INFO:colcon.colcon_ros.task.ament_python.build:Building ROS package in '/home/yangjunseok/hand_tracking_pkg' with build type 'ament_python'
[1.153s] Level 1:colcon.colcon_core.shell:create_environment_hook('hand_tracking_pkg', 'ament_prefix_path')
[1.179s] INFO:colcon.colcon_core.plugin_system:Skipping extension 'colcon_core.shell.bat': Not used on non-Windows systems
[1.179s] INFO:colcon.colcon_core.shell:Creating environment hook '/home/yangjunseok/hand_tracking_pkg/install/hand_tracking_pkg/share/hand_tracking_pkg/hook/ament_prefix_path.ps1'
[1.182s] INFO:colcon.colcon_core.shell:Creating environment descriptor '/home/yangjunseok/hand_tracking_pkg/install/hand_tracking_pkg/share/hand_tracking_pkg/hook/ament_prefix_path.dsv'
[1.183s] INFO:colcon.colcon_core.shell:Creating environment hook '/home/yangjunseok/hand_tracking_pkg/install/hand_tracking_pkg/share/hand_tracking_pkg/hook/ament_prefix_path.sh'
[1.195s] INFO:colcon.colcon_core.shell:Skip shell extension 'powershell' for command environment: Not usable outside of PowerShell
[1.196s] DEBUG:colcon.colcon_core.shell:Skip shell extension 'dsv' for command environment
[2.076s] INFO:colcon.colcon_core.task.python.build:Building Python package in '/home/yangjunseok/hand_tracking_pkg'
[2.080s] INFO:colcon.colcon_core.shell:Skip shell extension 'powershell' for command environment: Not usable outside of PowerShell
[2.080s] DEBUG:colcon.colcon_core.shell:Skip shell extension 'dsv' for command environment
[2.971s] DEBUG:colcon.colcon_core.event_handler.log_command:Invoking command in '/home/yangjunseok/hand_tracking_pkg': PYTHONPATH=/home/yangjunseok/hand_tracking_pkg/build/hand_tracking_pkg/prefix_override:/home/yangjunseok/hand_tracking_pkg/install/hand_tracking_pkg/lib/python3.8/site-packages:${PYTHONPATH} /usr/bin/python3 setup.py egg_info --egg-base build/hand_tracking_pkg build --build-base /home/yangjunseok/hand_tracking_pkg/build/hand_tracking_pkg/build install --record /home/yangjunseok/hand_tracking_pkg/build/hand_tracking_pkg/install.log --install-scripts $base/lib/hand_tracking_pkg --single-version-externally-managed
[3.657s] DEBUG:colcon.colcon_core.event_handler.log_command:Invoked command in '/home/yangjunseok/hand_tracking_pkg' returned '0': PYTHONPATH=/home/yangjunseok/hand_tracking_pkg/build/hand_tracking_pkg/prefix_override:/home/yangjunseok/hand_tracking_pkg/install/hand_tracking_pkg/lib/python3.8/site-packages:${PYTHONPATH} /usr/bin/python3 setup.py egg_info --egg-base build/hand_tracking_pkg build --build-base /home/yangjunseok/hand_tracking_pkg/build/hand_tracking_pkg/build install --record /home/yangjunseok/hand_tracking_pkg/build/hand_tracking_pkg/install.log --install-scripts $base/lib/hand_tracking_pkg --single-version-externally-managed
[3.666s] Level 1:colcon.colcon_core.environment:checking '/home/yangjunseok/hand_tracking_pkg/install/hand_tracking_pkg' for CMake module files
[3.667s] Level 1:colcon.colcon_core.environment:checking '/home/yangjunseok/hand_tracking_pkg/install/hand_tracking_pkg' for CMake config files
[3.668s] Level 1:colcon.colcon_core.environment:checking '/home/yangjunseok/hand_tracking_pkg/install/hand_tracking_pkg/lib'
[3.668s] Level 1:colcon.colcon_core.environment:checking '/home/yangjunseok/hand_tracking_pkg/install/hand_tracking_pkg/bin'
[3.668s] Level 1:colcon.colcon_core.environment:checking '/home/yangjunseok/hand_tracking_pkg/install/hand_tracking_pkg/lib/pkgconfig/hand_tracking_pkg.pc'
[3.669s] Level 1:colcon.colcon_core.environment:checking '/home/yangjunseok/hand_tracking_pkg/install/hand_tracking_pkg/lib/python3.8/site-packages'
[3.669s] Level 1:colcon.colcon_core.shell:create_environment_hook('hand_tracking_pkg', 'pythonpath')
[3.672s] INFO:colcon.colcon_core.shell:Creating environment hook '/home/yangjunseok/hand_tracking_pkg/install/hand_tracking_pkg/share/hand_tracking_pkg/hook/pythonpath.ps1'
[3.673s] INFO:colcon.colcon_core.shell:Creating environment descriptor '/home/yangjunseok/hand_tracking_pkg/install/hand_tracking_pkg/share/hand_tracking_pkg/hook/pythonpath.dsv'
[3.674s] INFO:colcon.colcon_core.shell:Creating environment hook '/home/yangjunseok/hand_tracking_pkg/install/hand_tracking_pkg/share/hand_tracking_pkg/hook/pythonpath.sh'
[3.675s] Level 1:colcon.colcon_core.environment:checking '/home/yangjunseok/hand_tracking_pkg/install/hand_tracking_pkg/bin'
[3.675s] Level 1:colcon.colcon_core.environment:create_environment_scripts_only(hand_tracking_pkg)
[3.679s] INFO:colcon.colcon_core.shell:Creating package script '/home/yangjunseok/hand_tracking_pkg/install/hand_tracking_pkg/share/hand_tracking_pkg/package.ps1'
[3.681s] INFO:colcon.colcon_core.shell:Creating package descriptor '/home/yangjunseok/hand_tracking_pkg/install/hand_tracking_pkg/share/hand_tracking_pkg/package.dsv'
[3.682s] INFO:colcon.colcon_core.shell:Creating package script '/home/yangjunseok/hand_tracking_pkg/install/hand_tracking_pkg/share/hand_tracking_pkg/package.sh'
[3.684s] INFO:colcon.colcon_core.shell:Creating package script '/home/yangjunseok/hand_tracking_pkg/install/hand_tracking_pkg/share/hand_tracking_pkg/package.bash'
[3.686s] INFO:colcon.colcon_core.shell:Creating package script '/home/yangjunseok/hand_tracking_pkg/install/hand_tracking_pkg/share/hand_tracking_pkg/package.zsh'
[3.688s] Level 1:colcon.colcon_core.environment:create_file_with_runtime_dependencies(/home/yangjunseok/hand_tracking_pkg/install/hand_tracking_pkg/share/colcon-core/packages/hand_tracking_pkg)
[3.689s] DEBUG:colcon.colcon_parallel_executor.executor.parallel:closing loop
[3.690s] DEBUG:colcon.colcon_parallel_executor.executor.parallel:loop closed
[3.690s] DEBUG:colcon.colcon_parallel_executor.executor.parallel:run_until_complete finished with '0'
[3.690s] DEBUG:colcon.colcon_core.event_reactor:joining thread
[3.715s] INFO:colcon.colcon_core.plugin_system:Skipping extension 'colcon_notification.desktop_notification.terminal_notifier': Not used on non-Darwin systems
[3.716s] INFO:colcon.colcon_core.plugin_system:Skipping extension 'colcon_notification.desktop_notification.win32': Not used on non-Windows systems
[3.716s] INFO:colcon.colcon_notification.desktop_notification:Sending desktop notification using 'notify2'
[3.751s] DEBUG:colcon.colcon_core.event_reactor:joined thread
[3.755s] INFO:colcon.colcon_core.shell:Creating prefix script '/home/yangjunseok/hand_tracking_pkg/install/local_setup.ps1'
[3.763s] INFO:colcon.colcon_core.shell:Creating prefix util module '/home/yangjunseok/hand_tracking_pkg/install/_local_setup_util_ps1.py'
[3.767s] INFO:colcon.colcon_core.shell:Creating prefix chain script '/home/yangjunseok/hand_tracking_pkg/install/setup.ps1'
[3.777s] INFO:colcon.colcon_core.shell:Creating prefix script '/home/yangjunseok/hand_tracking_pkg/install/local_setup.sh'
[3.781s] INFO:colcon.colcon_core.shell:Creating prefix util module '/home/yangjunseok/hand_tracking_pkg/install/_local_setup_util_sh.py'
[3.782s] INFO:colcon.colcon_core.shell:Creating prefix chain script '/home/yangjunseok/hand_tracking_pkg/install/setup.sh'
[3.793s] INFO:colcon.colcon_core.shell:Creating prefix script '/home/yangjunseok/hand_tracking_pkg/install/local_setup.bash'
[3.796s] INFO:colcon.colcon_core.shell:Creating prefix chain script '/home/yangjunseok/hand_tracking_pkg/install/setup.bash'
[3.809s] INFO:colcon.colcon_core.shell:Creating prefix script '/home/yangjunseok/hand_tracking_pkg/install/local_setup.zsh'
[3.811s] INFO:colcon.colcon_core.shell:Creating prefix chain script '/home/yangjunseok/hand_tracking_pkg/install/setup.zsh'
