[0.725s] DEBUG:colcon:Command line arguments: ['/usr/bin/colcon', 'build']
[0.725s] DEBUG:colcon:Parsed command line arguments: Namespace(allow_overriding=[], ament_cmake_args=None, base_paths=['.'], build_base='build', catkin_cmake_args=None, catkin_skip_building_tests=False, cmake_args=None, cmake_clean_cache=False, cmake_clean_first=False, cmake_force_configure=False, cmake_target=None, cmake_target_skip_unavailable=False, continue_on_error=False, event_handlers=None, executor='parallel', ignore_user_meta=False, install_base='install', log_base=None, log_level=None, main=<bound method BuildVerb.main of <colcon_core.verb.build.BuildVerb object at 0x7f8fc75ebaf0>>, merge_install=False, metas=['./colcon.meta'], packages_above=None, packages_above_and_dependencies=None, packages_above_depth=None, packages_end=None, packages_ignore=None, packages_ignore_regex=None, packages_select=None, packages_select_build_failed=False, packages_select_by_dep=None, packages_select_regex=None, packages_select_test_failures=False, packages_skip=None, packages_skip_build_finished=False, packages_skip_by_dep=None, packages_skip_regex=None, packages_skip_test_passed=False, packages_skip_up_to=None, packages_start=None, packages_up_to=None, packages_up_to_regex=None, parallel_workers=1, paths=None, symlink_install=False, test_result_base=None, verb_extension=<colcon_core.verb.build.BuildVerb object at 0x7f8fc75ebaf0>, verb_name='build', verb_parser=<colcon_defaults.argument_parser.defaults.DefaultArgumentsDecorator object at 0x7f8fc75f60a0>)
[0.798s] Level 1:colcon.colcon_core.package_discovery:discover_packages(colcon_meta) check parameters
[0.798s] Level 1:colcon.colcon_core.package_discovery:discover_packages(recursive) check parameters
[0.798s] Level 1:colcon.colcon_core.package_discovery:discover_packages(ignore) check parameters
[0.798s] Level 1:colcon.colcon_core.package_discovery:discover_packages(path) check parameters
[0.798s] Level 1:colcon.colcon_core.package_discovery:discover_packages(colcon_meta) discover
[0.798s] Level 1:colcon.colcon_core.package_discovery:discover_packages(recursive) discover
[0.798s] INFO:colcon.colcon_core.package_discovery:Crawling recursively for packages in '/home/yangjunseok/hand_tracking_pkg'
[0.799s] Level 1:colcon.colcon_core.package_identification:_identify(.) by extensions ['ignore', 'ignore_ament_install']
[0.799s] Level 1:colcon.colcon_core.package_identification:_identify(.) by extension 'ignore'
[0.799s] Level 1:colcon.colcon_core.package_identification:_identify(.) by extension 'ignore_ament_install'
[0.799s] Level 1:colcon.colcon_core.package_identification:_identify(.) by extensions ['colcon_pkg']
[0.799s] Level 1:colcon.colcon_core.package_identification:_identify(.) by extension 'colcon_pkg'
[0.800s] Level 1:colcon.colcon_core.package_identification:_identify(.) by extensions ['colcon_meta']
[0.800s] Level 1:colcon.colcon_core.package_identification:_identify(.) by extension 'colcon_meta'
[0.800s] Level 1:colcon.colcon_core.package_identification:_identify(.) by extensions ['ros']
[0.800s] Level 1:colcon.colcon_core.package_identification:_identify(.) by extension 'ros'
[0.857s] DEBUG:colcon.colcon_core.package_identification:Package '.' with type 'ros.ament_python' and name 'hand_tracking_pkg'
[0.857s] Level 1:colcon.colcon_core.package_discovery:discover_packages(recursive) using defaults
[0.858s] Level 1:colcon.colcon_core.package_discovery:discover_packages(ignore) discover
[0.858s] Level 1:colcon.colcon_core.package_discovery:discover_packages(ignore) using defaults
[0.858s] Level 1:colcon.colcon_core.package_discovery:discover_packages(path) discover
[0.858s] Level 1:colcon.colcon_core.package_discovery:discover_packages(path) using defaults
[0.915s] Level 1:colcon.colcon_core.package_discovery:discover_packages(prefix_path) check parameters
[0.915s] Level 1:colcon.colcon_core.package_discovery:discover_packages(prefix_path) discover
[0.919s] Level 1:colcon.colcon_core.package_discovery:discover_packages(prefix_path) using defaults
[0.925s] Level 5:colcon.colcon_core.verb:set package 'hand_tracking_pkg' build argument 'cmake_args' from command line to 'None'
[0.925s] Level 5:colcon.colcon_core.verb:set package 'hand_tracking_pkg' build argument 'cmake_target' from command line to 'None'
[0.925s] Level 5:colcon.colcon_core.verb:set package 'hand_tracking_pkg' build argument 'cmake_target_skip_unavailable' from command line to 'False'
[0.925s] Level 5:colcon.colcon_core.verb:set package 'hand_tracking_pkg' build argument 'cmake_clean_cache' from command line to 'False'
[0.926s] Level 5:colcon.colcon_core.verb:set package 'hand_tracking_pkg' build argument 'cmake_clean_first' from command line to 'False'
[0.926s] Level 5:colcon.colcon_core.verb:set package 'hand_tracking_pkg' build argument 'cmake_force_configure' from command line to 'False'
[0.926s] Level 5:colcon.colcon_core.verb:set package 'hand_tracking_pkg' build argument 'ament_cmake_args' from command line to 'None'
[0.926s] Level 5:colcon.colcon_core.verb:set package 'hand_tracking_pkg' build argument 'catkin_cmake_args' from command line to 'None'
[0.926s] Level 5:colcon.colcon_core.verb:set package 'hand_tracking_pkg' build argument 'catkin_skip_building_tests' from command line to 'False'
[0.926s] DEBUG:colcon.colcon_core.verb:Building package 'hand_tracking_pkg' with the following arguments: {'ament_cmake_args': None, 'build_base': '/home/yangjunseok/hand_tracking_pkg/build/hand_tracking_pkg', 'catkin_cmake_args': None, 'catkin_skip_building_tests': False, 'cmake_args': None, 'cmake_clean_cache': False, 'cmake_clean_first': False, 'cmake_force_configure': False, 'cmake_target': None, 'cmake_target_skip_unavailable': False, 'install_base': '/home/yangjunseok/hand_tracking_pkg/install/hand_tracking_pkg', 'merge_install': False, 'path': '/home/yangjunseok/hand_tracking_pkg', 'symlink_install': False, 'test_result_base': None}
[0.929s] INFO:colcon.colcon_core.executor:Executing jobs using 'parallel' executor
[0.942s] DEBUG:colcon.colcon_parallel_executor.executor.parallel:run_until_complete
[0.942s] INFO:colcon.colcon_ros.task.ament_python.build:Building ROS package in '/home/yangjunseok/hand_tracking_pkg' with build type 'ament_python'
[0.943s] Level 1:colcon.colcon_core.shell:create_environment_hook('hand_tracking_pkg', 'ament_prefix_path')
[0.955s] INFO:colcon.colcon_core.plugin_system:Skipping extension 'colcon_core.shell.bat': Not used on non-Windows systems
[0.955s] INFO:colcon.colcon_core.shell:Creating environment hook '/home/yangjunseok/hand_tracking_pkg/install/hand_tracking_pkg/share/hand_tracking_pkg/hook/ament_prefix_path.ps1'
[0.962s] INFO:colcon.colcon_core.shell:Creating environment descriptor '/home/yangjunseok/hand_tracking_pkg/install/hand_tracking_pkg/share/hand_tracking_pkg/hook/ament_prefix_path.dsv'
[0.964s] INFO:colcon.colcon_core.shell:Creating environment hook '/home/yangjunseok/hand_tracking_pkg/install/hand_tracking_pkg/share/hand_tracking_pkg/hook/ament_prefix_path.sh'
[0.970s] INFO:colcon.colcon_core.shell:Skip shell extension 'powershell' for command environment: Not usable outside of PowerShell
[0.970s] DEBUG:colcon.colcon_core.shell:Skip shell extension 'dsv' for command environment
[1.837s] INFO:colcon.colcon_core.task.python.build:Building Python package in '/home/yangjunseok/hand_tracking_pkg'
[1.846s] INFO:colcon.colcon_core.shell:Skip shell extension 'powershell' for command environment: Not usable outside of PowerShell
[1.847s] DEBUG:colcon.colcon_core.shell:Skip shell extension 'dsv' for command environment
[3.557s] DEBUG:colcon.colcon_core.event_handler.log_command:Invoking command in '/home/yangjunseok/hand_tracking_pkg': PYTHONPATH=/home/yangjunseok/hand_tracking_pkg/build/hand_tracking_pkg/prefix_override:/home/yangjunseok/hand_tracking_pkg/install/hand_tracking_pkg/lib/python3.8/site-packages: /usr/bin/python3 setup.py egg_info --egg-base build/hand_tracking_pkg build --build-base /home/yangjunseok/hand_tracking_pkg/build/hand_tracking_pkg/build install --record /home/yangjunseok/hand_tracking_pkg/build/hand_tracking_pkg/install.log --install-scripts $base/lib/hand_tracking_pkg --single-version-externally-managed
[4.887s] DEBUG:colcon.colcon_core.event_handler.log_command:Invoked command in '/home/yangjunseok/hand_tracking_pkg' returned '0': PYTHONPATH=/home/yangjunseok/hand_tracking_pkg/build/hand_tracking_pkg/prefix_override:/home/yangjunseok/hand_tracking_pkg/install/hand_tracking_pkg/lib/python3.8/site-packages: /usr/bin/python3 setup.py egg_info --egg-base build/hand_tracking_pkg build --build-base /home/yangjunseok/hand_tracking_pkg/build/hand_tracking_pkg/build install --record /home/yangjunseok/hand_tracking_pkg/build/hand_tracking_pkg/install.log --install-scripts $base/lib/hand_tracking_pkg --single-version-externally-managed
[4.911s] Level 1:colcon.colcon_core.environment:checking '/home/yangjunseok/hand_tracking_pkg/install/hand_tracking_pkg' for CMake module files
[4.914s] Level 1:colcon.colcon_core.environment:checking '/home/yangjunseok/hand_tracking_pkg/install/hand_tracking_pkg' for CMake config files
[4.924s] Level 1:colcon.colcon_core.environment:checking '/home/yangjunseok/hand_tracking_pkg/install/hand_tracking_pkg/lib'
[4.925s] Level 1:colcon.colcon_core.environment:checking '/home/yangjunseok/hand_tracking_pkg/install/hand_tracking_pkg/bin'
[4.925s] Level 1:colcon.colcon_core.environment:checking '/home/yangjunseok/hand_tracking_pkg/install/hand_tracking_pkg/lib/pkgconfig/hand_tracking_pkg.pc'
[4.926s] Level 1:colcon.colcon_core.environment:checking '/home/yangjunseok/hand_tracking_pkg/install/hand_tracking_pkg/lib/python3.8/site-packages'
[4.926s] Level 1:colcon.colcon_core.shell:create_environment_hook('hand_tracking_pkg', 'pythonpath')
[4.936s] INFO:colcon.colcon_core.shell:Creating environment hook '/home/yangjunseok/hand_tracking_pkg/install/hand_tracking_pkg/share/hand_tracking_pkg/hook/pythonpath.ps1'
[4.945s] INFO:colcon.colcon_core.shell:Creating environment descriptor '/home/yangjunseok/hand_tracking_pkg/install/hand_tracking_pkg/share/hand_tracking_pkg/hook/pythonpath.dsv'
[4.946s] INFO:colcon.colcon_core.shell:Creating environment hook '/home/yangjunseok/hand_tracking_pkg/install/hand_tracking_pkg/share/hand_tracking_pkg/hook/pythonpath.sh'
[4.950s] Level 1:colcon.colcon_core.environment:checking '/home/yangjunseok/hand_tracking_pkg/install/hand_tracking_pkg/bin'
[4.950s] Level 1:colcon.colcon_core.environment:create_environment_scripts_only(hand_tracking_pkg)
[4.955s] INFO:colcon.colcon_core.shell:Creating package script '/home/yangjunseok/hand_tracking_pkg/install/hand_tracking_pkg/share/hand_tracking_pkg/package.ps1'
[4.958s] INFO:colcon.colcon_core.shell:Creating package descriptor '/home/yangjunseok/hand_tracking_pkg/install/hand_tracking_pkg/share/hand_tracking_pkg/package.dsv'
[4.960s] INFO:colcon.colcon_core.shell:Creating package script '/home/yangjunseok/hand_tracking_pkg/install/hand_tracking_pkg/share/hand_tracking_pkg/package.sh'
[4.963s] INFO:colcon.colcon_core.shell:Creating package script '/home/yangjunseok/hand_tracking_pkg/install/hand_tracking_pkg/share/hand_tracking_pkg/package.bash'
[4.966s] INFO:colcon.colcon_core.shell:Creating package script '/home/yangjunseok/hand_tracking_pkg/install/hand_tracking_pkg/share/hand_tracking_pkg/package.zsh'
[4.969s] Level 1:colcon.colcon_core.environment:create_file_with_runtime_dependencies(/home/yangjunseok/hand_tracking_pkg/install/hand_tracking_pkg/share/colcon-core/packages/hand_tracking_pkg)
[4.971s] DEBUG:colcon.colcon_parallel_executor.executor.parallel:closing loop
[4.972s] DEBUG:colcon.colcon_parallel_executor.executor.parallel:loop closed
[4.972s] DEBUG:colcon.colcon_parallel_executor.executor.parallel:run_until_complete finished with '0'
[4.972s] DEBUG:colcon.colcon_core.event_reactor:joining thread
[4.993s] INFO:colcon.colcon_core.plugin_system:Skipping extension 'colcon_notification.desktop_notification.terminal_notifier': Not used on non-Darwin systems
[4.993s] INFO:colcon.colcon_core.plugin_system:Skipping extension 'colcon_notification.desktop_notification.win32': Not used on non-Windows systems
[4.993s] INFO:colcon.colcon_notification.desktop_notification:Sending desktop notification using 'notify2'
[5.035s] DEBUG:colcon.colcon_core.event_reactor:joined thread
[5.040s] INFO:colcon.colcon_core.shell:Creating prefix script '/home/yangjunseok/hand_tracking_pkg/install/local_setup.ps1'
[5.050s] INFO:colcon.colcon_core.shell:Creating prefix util module '/home/yangjunseok/hand_tracking_pkg/install/_local_setup_util_ps1.py'
[5.054s] INFO:colcon.colcon_core.shell:Creating prefix chain script '/home/yangjunseok/hand_tracking_pkg/install/setup.ps1'
[5.065s] INFO:colcon.colcon_core.shell:Creating prefix script '/home/yangjunseok/hand_tracking_pkg/install/local_setup.sh'
[5.066s] INFO:colcon.colcon_core.shell:Creating prefix util module '/home/yangjunseok/hand_tracking_pkg/install/_local_setup_util_sh.py'
[5.068s] INFO:colcon.colcon_core.shell:Creating prefix chain script '/home/yangjunseok/hand_tracking_pkg/install/setup.sh'
[5.077s] INFO:colcon.colcon_core.shell:Creating prefix script '/home/yangjunseok/hand_tracking_pkg/install/local_setup.bash'
[5.079s] INFO:colcon.colcon_core.shell:Creating prefix chain script '/home/yangjunseok/hand_tracking_pkg/install/setup.bash'
[5.085s] INFO:colcon.colcon_core.shell:Creating prefix script '/home/yangjunseok/hand_tracking_pkg/install/local_setup.zsh'
[5.091s] INFO:colcon.colcon_core.shell:Creating prefix chain script '/home/yangjunseok/hand_tracking_pkg/install/setup.zsh'
