running egg_info
creating build/hand_tracking_pkg/hand_tracking_pkg.egg-info
writing build/hand_tracking_pkg/hand_tracking_pkg.egg-info/PKG-INFO
writing dependency_links to build/hand_tracking_pkg/hand_tracking_pkg.egg-info/dependency_links.txt
writing entry points to build/hand_tracking_pkg/hand_tracking_pkg.egg-info/entry_points.txt
writing requirements to build/hand_tracking_pkg/hand_tracking_pkg.egg-info/requires.txt
writing top-level names to build/hand_tracking_pkg/hand_tracking_pkg.egg-info/top_level.txt
writing manifest file 'build/hand_tracking_pkg/hand_tracking_pkg.egg-info/SOURCES.txt'
reading manifest file 'build/hand_tracking_pkg/hand_tracking_pkg.egg-info/SOURCES.txt'
writing manifest file 'build/hand_tracking_pkg/hand_tracking_pkg.egg-info/SOURCES.txt'
running build
running build_py
creating /home/yangjunseok/hand_tracking_pkg/build/hand_tracking_pkg/build
creating /home/yangjunseok/hand_tracking_pkg/build/hand_tracking_pkg/build/lib
creating /home/yangjunseok/hand_tracking_pkg/build/hand_tracking_pkg/build/lib/hand_tracking_pkg
copying hand_tracking_pkg/__init__.py -> /home/yangjunseok/hand_tracking_pkg/build/hand_tracking_pkg/build/lib/hand_tracking_pkg
copying hand_tracking_pkg/hand_tracking_node.py -> /home/yangjunseok/hand_tracking_pkg/build/hand_tracking_pkg/build/lib/hand_tracking_pkg
running install
running install_lib
creating /home/yangjunseok/hand_tracking_pkg/install/hand_tracking_pkg/lib/python3.8/site-packages/hand_tracking_pkg
copying /home/yangjunseok/hand_tracking_pkg/build/hand_tracking_pkg/build/lib/hand_tracking_pkg/__init__.py -> /home/yangjunseok/hand_tracking_pkg/install/hand_tracking_pkg/lib/python3.8/site-packages/hand_tracking_pkg
copying /home/yangjunseok/hand_tracking_pkg/build/hand_tracking_pkg/build/lib/hand_tracking_pkg/hand_tracking_node.py -> /home/yangjunseok/hand_tracking_pkg/install/hand_tracking_pkg/lib/python3.8/site-packages/hand_tracking_pkg
byte-compiling /home/yangjunseok/hand_tracking_pkg/install/hand_tracking_pkg/lib/python3.8/site-packages/hand_tracking_pkg/__init__.py to __init__.cpython-38.pyc
byte-compiling /home/yangjunseok/hand_tracking_pkg/install/hand_tracking_pkg/lib/python3.8/site-packages/hand_tracking_pkg/hand_tracking_node.py to hand_tracking_node.cpython-38.pyc
running install_data
creating /home/yangjunseok/hand_tracking_pkg/install/hand_tracking_pkg/share/ament_index
creating /home/yangjunseok/hand_tracking_pkg/install/hand_tracking_pkg/share/ament_index/resource_index
creating /home/yangjunseok/hand_tracking_pkg/install/hand_tracking_pkg/share/ament_index/resource_index/packages
copying resource/hand_tracking_pkg -> /home/yangjunseok/hand_tracking_pkg/install/hand_tracking_pkg/share/ament_index/resource_index/packages
copying package.xml -> /home/yangjunseok/hand_tracking_pkg/install/hand_tracking_pkg/share/hand_tracking_pkg
running install_egg_info
Copying build/hand_tracking_pkg/hand_tracking_pkg.egg-info to /home/yangjunseok/hand_tracking_pkg/install/hand_tracking_pkg/lib/python3.8/site-packages/hand_tracking_pkg-0.0.0-py3.8.egg-info
running install_scripts
Installing hand_tracking_node script to /home/yangjunseok/hand_tracking_pkg/install/hand_tracking_pkg/lib/hand_tracking_pkg
Installing img_publisher script to /home/yangjunseok/hand_tracking_pkg/install/hand_tracking_pkg/lib/hand_tracking_pkg
Installing img_subscriber script to /home/yangjunseok/hand_tracking_pkg/install/hand_tracking_pkg/lib/hand_tracking_pkg
writing list of installed files to '/home/yangjunseok/hand_tracking_pkg/build/hand_tracking_pkg/install.log'
