[0.719s] DEBUG:colcon:Command line arguments: ['/usr/bin/colcon', 'build']
[0.719s] DEBUG:colcon:Parsed command line arguments: Namespace(allow_overriding=[], ament_cmake_args=None, base_paths=['.'], build_base='build', catkin_cmake_args=None, catkin_skip_building_tests=False, cmake_args=None, cmake_clean_cache=False, cmake_clean_first=False, cmake_force_configure=False, cmake_target=None, cmake_target_skip_unavailable=False, continue_on_error=False, event_handlers=None, executor='parallel', ignore_user_meta=False, install_base='install', log_base=None, log_level=None, main=<bound method BuildVerb.main of <colcon_core.verb.build.BuildVerb object at 0x7f2da4e9e3a0>>, merge_install=False, metas=['./colcon.meta'], packages_above=None, packages_above_and_dependencies=None, packages_above_depth=None, packages_end=None, packages_ignore=None, packages_ignore_regex=None, packages_select=None, packages_select_build_failed=False, packages_select_by_dep=None, packages_select_regex=None, packages_select_test_failures=False, packages_skip=None, packages_skip_build_finished=False, packages_skip_by_dep=None, packages_skip_regex=None, packages_skip_test_passed=False, packages_skip_up_to=None, packages_start=None, packages_up_to=None, packages_up_to_regex=None, parallel_workers=1, paths=None, symlink_install=False, test_result_base=None, verb_extension=<colcon_core.verb.build.BuildVerb object at 0x7f2da4e9e3a0>, verb_name='build', verb_parser=<colcon_defaults.argument_parser.defaults.DefaultArgumentsDecorator object at 0x7f2da4e9e8e0>)
[0.771s] Level 1:colcon.colcon_core.package_discovery:discover_packages(colcon_meta) check parameters
[0.772s] Level 1:colcon.colcon_core.package_discovery:discover_packages(recursive) check parameters
[0.772s] Level 1:colcon.colcon_core.package_discovery:discover_packages(ignore) check parameters
[0.772s] Level 1:colcon.colcon_core.package_discovery:discover_packages(path) check parameters
[0.772s] Level 1:colcon.colcon_core.package_discovery:discover_packages(colcon_meta) discover
[0.772s] Level 1:colcon.colcon_core.package_discovery:discover_packages(recursive) discover
[0.772s] INFO:colcon.colcon_core.package_discovery:Crawling recursively for packages in '/home/yangjunseok/hand_tracking_pkg'
[0.772s] Level 1:colcon.colcon_core.package_identification:_identify(.) by extensions ['ignore', 'ignore_ament_install']
[0.772s] Level 1:colcon.colcon_core.package_identification:_identify(.) by extension 'ignore'
[0.772s] Level 1:colcon.colcon_core.package_identification:_identify(.) by extension 'ignore_ament_install'
[0.773s] Level 1:colcon.colcon_core.package_identification:_identify(.) by extensions ['colcon_pkg']
[0.773s] Level 1:colcon.colcon_core.package_identification:_identify(.) by extension 'colcon_pkg'
[0.773s] Level 1:colcon.colcon_core.package_identification:_identify(.) by extensions ['colcon_meta']
[0.773s] Level 1:colcon.colcon_core.package_identification:_identify(.) by extension 'colcon_meta'
[0.773s] Level 1:colcon.colcon_core.package_identification:_identify(.) by extensions ['ros']
[0.773s] Level 1:colcon.colcon_core.package_identification:_identify(.) by extension 'ros'
[0.814s] DEBUG:colcon.colcon_core.package_identification:Failed to parse potential ROS package manifest in'.': Error(s) in package './package.xml':
The manifest contains invalid XML:
XML or text declaration not at start of entity: line 2, column 0
[0.814s] Level 1:colcon.colcon_core.package_identification:_identify(.) by extensions ['cmake', 'python']
[0.814s] Level 1:colcon.colcon_core.package_identification:_identify(.) by extension 'cmake'
[0.814s] Level 1:colcon.colcon_core.package_identification:_identify(.) by extension 'python'
[0.815s] DEBUG:colcon.colcon_core.package_identification:Python package in '.' passes arguments to the setup() function which requires a different identification extension than 'python'
[0.815s] Level 1:colcon.colcon_core.package_identification:_identify(.) by extensions ['python_setup_py']
[0.815s] Level 1:colcon.colcon_core.package_identification:_identify(.) by extension 'python_setup_py'
[1.302s] DEBUG:colcon.colcon_core.package_identification:Package '.' with type 'python' and name 'hand_tracking_pkg'
[1.302s] Level 1:colcon.colcon_core.package_discovery:discover_packages(recursive) using defaults
[1.303s] Level 1:colcon.colcon_core.package_discovery:discover_packages(ignore) discover
[1.303s] Level 1:colcon.colcon_core.package_discovery:discover_packages(ignore) using defaults
[1.303s] Level 1:colcon.colcon_core.package_discovery:discover_packages(path) discover
[1.303s] Level 1:colcon.colcon_core.package_discovery:discover_packages(path) using defaults
[1.350s] Level 1:colcon.colcon_core.package_discovery:discover_packages(prefix_path) check parameters
[1.350s] Level 1:colcon.colcon_core.package_discovery:discover_packages(prefix_path) discover
[1.359s] DEBUG:colcon.colcon_installed_package_information.package_discovery:Found 380 installed packages in /opt/ros/foxy
[1.365s] Level 1:colcon.colcon_core.package_discovery:discover_packages(prefix_path) using defaults
[1.559s] Level 5:colcon.colcon_core.verb:set package 'hand_tracking_pkg' build argument 'cmake_args' from command line to 'None'
[1.559s] Level 5:colcon.colcon_core.verb:set package 'hand_tracking_pkg' build argument 'cmake_target' from command line to 'None'
[1.559s] Level 5:colcon.colcon_core.verb:set package 'hand_tracking_pkg' build argument 'cmake_target_skip_unavailable' from command line to 'False'
[1.559s] Level 5:colcon.colcon_core.verb:set package 'hand_tracking_pkg' build argument 'cmake_clean_cache' from command line to 'False'
[1.559s] Level 5:colcon.colcon_core.verb:set package 'hand_tracking_pkg' build argument 'cmake_clean_first' from command line to 'False'
[1.560s] Level 5:colcon.colcon_core.verb:set package 'hand_tracking_pkg' build argument 'cmake_force_configure' from command line to 'False'
[1.560s] Level 5:colcon.colcon_core.verb:set package 'hand_tracking_pkg' build argument 'ament_cmake_args' from command line to 'None'
[1.560s] Level 5:colcon.colcon_core.verb:set package 'hand_tracking_pkg' build argument 'catkin_cmake_args' from command line to 'None'
[1.560s] Level 5:colcon.colcon_core.verb:set package 'hand_tracking_pkg' build argument 'catkin_skip_building_tests' from command line to 'False'
[1.560s] DEBUG:colcon.colcon_core.verb:Building package 'hand_tracking_pkg' with the following arguments: {'ament_cmake_args': None, 'build_base': '/home/yangjunseok/hand_tracking_pkg/build/hand_tracking_pkg', 'catkin_cmake_args': None, 'catkin_skip_building_tests': False, 'cmake_args': None, 'cmake_clean_cache': False, 'cmake_clean_first': False, 'cmake_force_configure': False, 'cmake_target': None, 'cmake_target_skip_unavailable': False, 'install_base': '/home/yangjunseok/hand_tracking_pkg/install/hand_tracking_pkg', 'merge_install': False, 'path': '/home/yangjunseok/hand_tracking_pkg', 'symlink_install': False, 'test_result_base': None}
[1.562s] INFO:colcon.colcon_core.executor:Executing jobs using 'parallel' executor
[1.569s] DEBUG:colcon.colcon_parallel_executor.executor.parallel:run_until_complete
[1.570s] INFO:colcon.colcon_core.task.python.build:Building Python package in '/home/yangjunseok/hand_tracking_pkg'
[1.579s] INFO:colcon.colcon_core.plugin_system:Skipping extension 'colcon_core.shell.bat': Not used on non-Windows systems
[1.580s] INFO:colcon.colcon_core.shell:Skip shell extension 'powershell' for command environment: Not usable outside of PowerShell
[1.580s] DEBUG:colcon.colcon_core.shell:Skip shell extension 'dsv' for command environment
[3.178s] DEBUG:colcon.colcon_core.event_handler.log_command:Invoking command in '/home/yangjunseok/hand_tracking_pkg': PYTHONPATH=/home/yangjunseok/hand_tracking_pkg/build/hand_tracking_pkg/prefix_override:/home/yangjunseok/hand_tracking_pkg/install/hand_tracking_pkg/lib/python3.8/site-packages:${PYTHONPATH} /usr/bin/python3 setup.py egg_info --egg-base build/hand_tracking_pkg build --build-base /home/yangjunseok/hand_tracking_pkg/build/hand_tracking_pkg/build install --record /home/yangjunseok/hand_tracking_pkg/build/hand_tracking_pkg/install.log --install-scripts $base/lib/hand_tracking_pkg --single-version-externally-managed
[3.980s] DEBUG:colcon.colcon_core.event_handler.log_command:Invoked command in '/home/yangjunseok/hand_tracking_pkg' returned '0': PYTHONPATH=/home/yangjunseok/hand_tracking_pkg/build/hand_tracking_pkg/prefix_override:/home/yangjunseok/hand_tracking_pkg/install/hand_tracking_pkg/lib/python3.8/site-packages:${PYTHONPATH} /usr/bin/python3 setup.py egg_info --egg-base build/hand_tracking_pkg build --build-base /home/yangjunseok/hand_tracking_pkg/build/hand_tracking_pkg/build install --record /home/yangjunseok/hand_tracking_pkg/build/hand_tracking_pkg/install.log --install-scripts $base/lib/hand_tracking_pkg --single-version-externally-managed
[3.989s] Level 1:colcon.colcon_core.environment:checking '/home/yangjunseok/hand_tracking_pkg/install/hand_tracking_pkg' for CMake module files
[3.990s] Level 1:colcon.colcon_core.environment:checking '/home/yangjunseok/hand_tracking_pkg/install/hand_tracking_pkg' for CMake config files
[3.991s] Level 1:colcon.colcon_core.environment:checking '/home/yangjunseok/hand_tracking_pkg/install/hand_tracking_pkg/lib'
[3.991s] Level 1:colcon.colcon_core.environment:checking '/home/yangjunseok/hand_tracking_pkg/install/hand_tracking_pkg/bin'
[3.991s] Level 1:colcon.colcon_core.environment:checking '/home/yangjunseok/hand_tracking_pkg/install/hand_tracking_pkg/lib/pkgconfig/hand_tracking_pkg.pc'
[3.992s] Level 1:colcon.colcon_core.environment:checking '/home/yangjunseok/hand_tracking_pkg/install/hand_tracking_pkg/lib/python3.8/site-packages'
[3.992s] Level 1:colcon.colcon_core.shell:create_environment_hook('hand_tracking_pkg', 'pythonpath')
[3.995s] INFO:colcon.colcon_core.shell:Creating environment hook '/home/yangjunseok/hand_tracking_pkg/install/hand_tracking_pkg/share/hand_tracking_pkg/hook/pythonpath.ps1'
[3.997s] INFO:colcon.colcon_core.shell:Creating environment descriptor '/home/yangjunseok/hand_tracking_pkg/install/hand_tracking_pkg/share/hand_tracking_pkg/hook/pythonpath.dsv'
[3.998s] INFO:colcon.colcon_core.shell:Creating environment hook '/home/yangjunseok/hand_tracking_pkg/install/hand_tracking_pkg/share/hand_tracking_pkg/hook/pythonpath.sh'
[4.000s] Level 1:colcon.colcon_core.environment:checking '/home/yangjunseok/hand_tracking_pkg/install/hand_tracking_pkg/bin'
[4.000s] Level 1:colcon.colcon_core.environment:create_environment_scripts_only(hand_tracking_pkg)
[4.003s] INFO:colcon.colcon_core.shell:Creating package script '/home/yangjunseok/hand_tracking_pkg/install/hand_tracking_pkg/share/hand_tracking_pkg/package.ps1'
[4.005s] INFO:colcon.colcon_core.shell:Creating package descriptor '/home/yangjunseok/hand_tracking_pkg/install/hand_tracking_pkg/share/hand_tracking_pkg/package.dsv'
[4.007s] INFO:colcon.colcon_core.shell:Creating package script '/home/yangjunseok/hand_tracking_pkg/install/hand_tracking_pkg/share/hand_tracking_pkg/package.sh'
[4.009s] INFO:colcon.colcon_core.shell:Creating package script '/home/yangjunseok/hand_tracking_pkg/install/hand_tracking_pkg/share/hand_tracking_pkg/package.bash'
[4.011s] INFO:colcon.colcon_core.shell:Creating package script '/home/yangjunseok/hand_tracking_pkg/install/hand_tracking_pkg/share/hand_tracking_pkg/package.zsh'
[4.014s] Level 1:colcon.colcon_core.environment:create_file_with_runtime_dependencies(/home/yangjunseok/hand_tracking_pkg/install/hand_tracking_pkg/share/colcon-core/packages/hand_tracking_pkg)
[4.016s] DEBUG:colcon.colcon_parallel_executor.executor.parallel:closing loop
[4.017s] DEBUG:colcon.colcon_parallel_executor.executor.parallel:loop closed
[4.017s] DEBUG:colcon.colcon_parallel_executor.executor.parallel:run_until_complete finished with '0'
[4.017s] DEBUG:colcon.colcon_core.event_reactor:joining thread
[4.034s] INFO:colcon.colcon_core.plugin_system:Skipping extension 'colcon_notification.desktop_notification.terminal_notifier': Not used on non-Darwin systems
[4.035s] INFO:colcon.colcon_core.plugin_system:Skipping extension 'colcon_notification.desktop_notification.win32': Not used on non-Windows systems
[4.035s] INFO:colcon.colcon_notification.desktop_notification:Sending desktop notification using 'notify2'
[4.086s] DEBUG:colcon.colcon_core.event_reactor:joined thread
[4.094s] INFO:colcon.colcon_core.shell:Creating prefix script '/home/yangjunseok/hand_tracking_pkg/install/local_setup.ps1'
[4.096s] INFO:colcon.colcon_core.shell:Creating prefix util module '/home/yangjunseok/hand_tracking_pkg/install/_local_setup_util_ps1.py'
[4.102s] INFO:colcon.colcon_core.shell:Creating prefix chain script '/home/yangjunseok/hand_tracking_pkg/install/setup.ps1'
[4.112s] INFO:colcon.colcon_core.shell:Creating prefix script '/home/yangjunseok/hand_tracking_pkg/install/local_setup.sh'
[4.114s] INFO:colcon.colcon_core.shell:Creating prefix util module '/home/yangjunseok/hand_tracking_pkg/install/_local_setup_util_sh.py'
[4.115s] INFO:colcon.colcon_core.shell:Creating prefix chain script '/home/yangjunseok/hand_tracking_pkg/install/setup.sh'
[4.125s] INFO:colcon.colcon_core.shell:Creating prefix script '/home/yangjunseok/hand_tracking_pkg/install/local_setup.bash'
[4.127s] INFO:colcon.colcon_core.shell:Creating prefix chain script '/home/yangjunseok/hand_tracking_pkg/install/setup.bash'
[4.134s] INFO:colcon.colcon_core.shell:Creating prefix script '/home/yangjunseok/hand_tracking_pkg/install/local_setup.zsh'
[4.135s] INFO:colcon.colcon_core.shell:Creating prefix chain script '/home/yangjunseok/hand_tracking_pkg/install/setup.zsh'
